<!DOCTYPE html>
<html>
<head>
    <meta charset="utf-8">
    <meta content="width=device-width, initial-scale=1, shrink-to-fit=no" name="viewport">
    <title>Test Results</title>
    <link href="https://cdn.jsdelivr.net/gh/extent-framework/extent-github-cdn@b00a2d0486596e73dd7326beacf352c639623a0e/commons/img/logo.png"
          rel="apple-touch-icon">
    <link href="https://cdn.jsdelivr.net/gh/extent-framework/extent-github-cdn@b00a2d0486596e73dd7326beacf352c639623a0e/commons/img/logo.png"
          rel="shortcut icon">
    <link href="https://cdn.jsdelivr.net/gh/extent-framework/extent-github-cdn@d6562a79075e061305ccfdb82f01e5e195e2d307/spark/css/spark-style.css"
          rel="stylesheet"/>
    <link href="https://stackpath.bootstrapcdn.com/font-awesome/4.7.0/css/font-awesome.min.css" rel="stylesheet">
    <script src="https://cdn.jsdelivr.net/gh/extent-framework/extent-github-cdn@7cc78ce/spark/js/jsontree.js"></script>
    <style type="text/css">js-string</style>
</head>
<body class="spa -report standard">
<div class="app">
    <div class="layout">
        <div class="header navbar">
            <div class="vheader">
                <div class="nav-logo">
                    <a href="#">
                        <div class="logo"
                             style="background-image: url('https://cdn.jsdelivr.net/gh/extent-framework/extent-github-cdn@b00a2d0486596e73dd7326beacf352c639623a0e/commons/img/logo.png')"></div>
                    </a>
                </div>
                <ul class="nav-left">
                    <li class="search-box">
                        <a class="search-toggle" href="#">
                            <i class="search-icon fa fa-search"></i>
                            <i class="search-icon-close fa fa-close"></i>
                        </a>
                    </li>
                    <li class="search-input"><input class="form-control" id="search-tests" placeholder="Search..."
                                                    type="text"></li>
                </ul>
                <ul class="nav-right">
                    <li class="m-r-10">
                        <a href="#"><span class="badge badge-primary">Web Automation Results</span></a>
                    </li>
                    <li class="m-r-10">
                        <a href="#"><span class="badge badge-primary">Dec 21, 2023 05:20:18</span></a>
                    </li>
                </ul>
            </div>
        </div>
        <div class="side-nav">
            <div class="side-nav-inner">
                <ul class="side-nav-menu">
                    <li class="nav-item dropdown" onclick="toggleView('test-view')">
                        <a class="dropdown-toggle" href="#" id="nav-test">
                            <span class="ico"><i class="fa fa-list"></i></span>
                        </a>
                    </li>
                    <li class="nav-item dropdown" onclick="toggleView('exception-view')">
                        <a class="dropdown-toggle" href="#" id="nav-exception">
                            <span class="ico"><i class="fa fa-bug"></i></span>
                        </a>
                    </li>
                    <li class="nav-item dropdown" onclick="toggleView('dashboard-view')">
                        <a class="dropdown-toggle" href="#" id="nav-dashboard">
                            <span class="ico"><i class="fa fa-bar-chart"></i></span>
                        </a>
                    </li>
                </ul>
            </div>
        </div>
        <div class="vcontainer">
            <div class="main-content">
                <div class="test-wrapper row view test-view">
                    <div class="test-list">
                        <div class="test-list-tools">
                            <ul class="tools pull-left">
                                <li><a href="#"><span class="font-size-14">Tests</span></a></li>
                            </ul>
                            <ul class="tools text-right">
                                <li class="dropdown">
                                    <a class="dropdown-toggle" data-toggle="dropdown" href="#"><i
                                            class="fa fa-exclamation-circle"></i></a>
                                    <ul class="dropdown-menu dropdown-md p-v-0" id="status-toggle">
                                        <a class="dropdown-item" href="#" status="fail"><span>Fail</span><span
                                                class="status danger"></span></a>
                                        <div class="dropdown-divider"></div>
                                        <a class="dropdown-item" href="#" status="clear"><span>Clear</span><span
                                                class="pull-right"><i class="fa fa-close"></i></span></a>
                                    </ul>
                                </li>
                            </ul>
                        </div>
                        <div class="test-list-wrapper scrollable">
                            <ul class="test-list-item">
                                <li author="" class="test-item" device=""
                                    status="fail"
                                    tag=""
                                    test-id="1">
                                    <div class="test-detail">
                                        <p class="name">loginTestUsingActionsClass</p>
                                        <p class="text-sm">
                                            <span>05:20:35</span> / <span>00:00:06:999</span>
                                            <span class="badge fail-bg log float-right">Fail</span>
                                        </p>
                                    </div>
                                    <div class="test-contents d-none">
                                        <div class="detail-head">
                                            <div class="p-v-10">
                                                <div class="info">
                                                    <h5 class="test-status text-fail">loginTestUsingActionsClass</h5>
                                                    <span class='badge badge-success'>12.21.2023 05:20:35</span>
                                                    <span class='badge badge-danger'>12.21.2023 05:20:42</span>
                                                    <span class='badge badge-default'>00:00:06:999</span>
                                                    &middot; <span
                                                        class='uri-anchor badge badge-default'>#test-id=1</span>
                                                    <span class='badge badge-default pointer float-right ml-1 et'><i
                                                            class="fa fa-chevron-down"></i></span>
                                                    <span class='badge badge-default pointer float-right ct'><i
                                                            class="fa fa-chevron-up"></i></span>
                                                </div>
                                            </div>
                                        </div>
                                        <div class="row mb-3">
                                            <div class="col-md-3">
                                                <img data-featherlight='C:\Users\benaz\IdeaProjects\opencartshop//extentReports//loginTestUsingActionsClass.png'
                                                     src="C:\Users\benaz\IdeaProjects\opencartshop//extentReports//loginTestUsingActionsClass.png">
                                                <div class="title">loginTestUsingActionsClass</div>
                                            </div>
                                        </div>
                                        <div class="detail-body mt-4">
                                            <table class="table table-sm">
                                                <thead>
                                                <tr>
                                                    <th class="status-col">Status</th>
                                                    <th class="timestamp-col">Timestamp</th>
                                                    <th class="details-col">Details</th>
                                                </tr>
                                                </thead>
                                                <tbody>
                                                <tr class="event-row">
                                                    <td><span class="badge log fail-bg">Fail</span></td>
                                                    <td>05:20:41</td>
                                                    <td>
          <textarea class="code-block" readonly>org.openqa.selenium.NoSuchElementException: no such element: Unable to locate element: {"method":"css selector","selector":"input[value='Login']"}
  (Session info: chrome=120.0.6099.110)
For documentation on this error, please visit: https://selenium.dev/exceptions/#no_such_element
Build info: version: '4.8.1', revision: '8ebccac989'
System info: os.name: 'Windows 10', os.arch: 'amd64', os.version: '10.0', java.version: '17.0.5'
Driver info: org.openqa.selenium.chrome.ChromeDriver
Command: [dc976cdea8c308851ce0883678beaab2, findElement {using=css selector, value=input[value='Login']}]
Capabilities {acceptInsecureCerts: false, browserName: chrome, browserVersion: 120.0.6099.110, chrome: {chromedriverVersion: 120.0.6099.109 (3419140ab66..., userDataDir: C:\Users\benaz\AppData\Loca...}, fedcm:accounts: true, goog:chromeOptions: {debuggerAddress: localhost:55136}, networkConnectionEnabled: false, pageLoadStrategy: normal, platformName: WINDOWS, proxy: Proxy(), se:cdp: ws://localhost:55136/devtoo..., se:cdpVersion: 120.0.6099.110, setWindowRect: true, strictFileInteractability: false, timeouts: {implicit: 0, pageLoad: 300000, script: 30000}, unhandledPromptBehavior: dismiss and notify, webauthn:extension:credBlob: true, webauthn:extension:largeBlob: true, webauthn:extension:minPinLength: true, webauthn:extension:prf: true, webauthn:virtualAuthenticators: true}
Session ID: dc976cdea8c308851ce0883678beaab2
	at java.base/jdk.internal.reflect.NativeConstructorAccessorImpl.newInstance0(Native Method)
	at java.base/jdk.internal.reflect.NativeConstructorAccessorImpl.newInstance(NativeConstructorAccessorImpl.java:77)
	at java.base/jdk.internal.reflect.DelegatingConstructorAccessorImpl.newInstance(DelegatingConstructorAccessorImpl.java:45)
	at java.base/java.lang.reflect.Constructor.newInstanceWithCaller(Constructor.java:499)
	at java.base/java.lang.reflect.Constructor.newInstance(Constructor.java:480)
	at org.openqa.selenium.remote.codec.w3c.W3CHttpResponseCodec.createException(W3CHttpResponseCodec.java:200)
	at org.openqa.selenium.remote.codec.w3c.W3CHttpResponseCodec.decode(W3CHttpResponseCodec.java:133)
	at org.openqa.selenium.remote.codec.w3c.W3CHttpResponseCodec.decode(W3CHttpResponseCodec.java:53)
	at org.openqa.selenium.remote.HttpCommandExecutor.execute(HttpCommandExecutor.java:184)
	at org.openqa.selenium.remote.service.DriverCommandExecutor.invokeExecute(DriverCommandExecutor.java:167)
	at org.openqa.selenium.remote.service.DriverCommandExecutor.execute(DriverCommandExecutor.java:142)
	at org.openqa.selenium.remote.RemoteWebDriver.execute(RemoteWebDriver.java:543)
	at org.openqa.selenium.remote.ElementLocation$ElementFinder$2.findElement(ElementLocation.java:162)
	at org.openqa.selenium.remote.ElementLocation.findElement(ElementLocation.java:60)
	at org.openqa.selenium.remote.RemoteWebDriver.findElement(RemoteWebDriver.java:352)
	at org.openqa.selenium.remote.RemoteWebDriver.findElement(RemoteWebDriver.java:344)
	at testCases.click_sendKeys_Methods.Click_SendKey_MethodsWithLoginTest.loginTestUsingActionsClass(Click_SendKey_MethodsWithLoginTest.java:80)
	at java.base/jdk.internal.reflect.NativeMethodAccessorImpl.invoke0(Native Method)
	at java.base/jdk.internal.reflect.NativeMethodAccessorImpl.invoke(NativeMethodAccessorImpl.java:77)
	at java.base/jdk.internal.reflect.DelegatingMethodAccessorImpl.invoke(DelegatingMethodAccessorImpl.java:43)
	at java.base/java.lang.reflect.Method.invoke(Method.java:568)
	at org.testng.internal.invokers.MethodInvocationHelper.invokeMethod(MethodInvocationHelper.java:139)
	at org.testng.internal.invokers.TestInvoker.invokeMethod(TestInvoker.java:664)
	at org.testng.internal.invokers.TestInvoker.invokeTestMethod(TestInvoker.java:227)
	at org.testng.internal.invokers.MethodRunner.runInSequence(MethodRunner.java:50)
	at org.testng.internal.invokers.TestInvoker$MethodInvocationAgent.invoke(TestInvoker.java:957)
	at org.testng.internal.invokers.TestInvoker.invokeTestMethods(TestInvoker.java:200)
	at org.testng.internal.invokers.TestMethodWorker.invokeTestMethods(TestMethodWorker.java:148)
	at org.testng.internal.invokers.TestMethodWorker.run(TestMethodWorker.java:128)
	at java.base/java.util.ArrayList.forEach(ArrayList.java:1511)
	at org.testng.TestRunner.privateRun(TestRunner.java:848)
	at org.testng.TestRunner.run(TestRunner.java:621)
	at org.testng.SuiteRunner.runTest(SuiteRunner.java:443)
	at org.testng.SuiteRunner.runSequentially(SuiteRunner.java:437)
	at org.testng.SuiteRunner.privateRun(SuiteRunner.java:397)
	at org.testng.SuiteRunner.run(SuiteRunner.java:336)
	at org.testng.SuiteRunnerWorker.runSuite(SuiteRunnerWorker.java:52)
	at org.testng.SuiteRunnerWorker.run(SuiteRunnerWorker.java:95)
	at org.testng.TestNG.runSuitesSequentially(TestNG.java:1280)
	at org.testng.TestNG.runSuitesLocally(TestNG.java:1200)
	at org.testng.TestNG.runSuites(TestNG.java:1114)
	at org.testng.TestNG.run(TestNG.java:1082)
	at org.apache.maven.surefire.testng.TestNGExecutor.run(TestNGExecutor.java:135)
	at org.apache.maven.surefire.testng.TestNGDirectoryTestSuite.executeMulti(TestNGDirectoryTestSuite.java:193)
	at org.apache.maven.surefire.testng.TestNGDirectoryTestSuite.execute(TestNGDirectoryTestSuite.java:94)
	at org.apache.maven.surefire.testng.TestNGProvider.invoke(TestNGProvider.java:146)
	at org.apache.maven.surefire.booter.ForkedBooter.invokeProviderInSameClassLoader(ForkedBooter.java:384)
	at org.apache.maven.surefire.booter.ForkedBooter.runSuitesInProcess(ForkedBooter.java:345)
	at org.apache.maven.surefire.booter.ForkedBooter.execute(ForkedBooter.java:126)
	at org.apache.maven.surefire.booter.ForkedBooter.main(ForkedBooter.java:418)
</textarea>

                                                    </td>
                                                </tr>
                                                </tbody>
                                            </table>
                                        </div>
                                    </div>
                                </li>
                                <li author="" class="test-item" device=""
                                    status="fail"
                                    tag=""
                                    test-id="2">
                                    <div class="test-detail">
                                        <p class="name">loginTestUsingClick</p>
                                        <p class="text-sm">
                                            <span>05:20:48</span> / <span>00:00:06:592</span>
                                            <span class="badge fail-bg log float-right">Fail</span>
                                        </p>
                                    </div>
                                    <div class="test-contents d-none">
                                        <div class="detail-head">
                                            <div class="p-v-10">
                                                <div class="info">
                                                    <h5 class="test-status text-fail">loginTestUsingClick</h5>
                                                    <span class='badge badge-success'>12.21.2023 05:20:48</span>
                                                    <span class='badge badge-danger'>12.21.2023 05:20:55</span>
                                                    <span class='badge badge-default'>00:00:06:592</span>
                                                    &middot; <span
                                                        class='uri-anchor badge badge-default'>#test-id=2</span>
                                                    <span class='badge badge-default pointer float-right ml-1 et'><i
                                                            class="fa fa-chevron-down"></i></span>
                                                    <span class='badge badge-default pointer float-right ct'><i
                                                            class="fa fa-chevron-up"></i></span>
                                                </div>
                                            </div>
                                        </div>
                                        <div class="row mb-3">
                                            <div class="col-md-3">
                                                <img data-featherlight='C:\Users\benaz\IdeaProjects\opencartshop//extentReports//loginTestUsingClick.png'
                                                     src="C:\Users\benaz\IdeaProjects\opencartshop//extentReports//loginTestUsingClick.png">
                                                <div class="title">loginTestUsingClick</div>
                                            </div>
                                        </div>
                                        <div class="detail-body mt-4">
                                            <table class="table table-sm">
                                                <thead>
                                                <tr>
                                                    <th class="status-col">Status</th>
                                                    <th class="timestamp-col">Timestamp</th>
                                                    <th class="details-col">Details</th>
                                                </tr>
                                                </thead>
                                                <tbody>
                                                <tr class="event-row">
                                                    <td><span class="badge log fail-bg">Fail</span></td>
                                                    <td>05:20:55</td>
                                                    <td>
          <textarea class="code-block" readonly>org.openqa.selenium.NoSuchElementException: no such element: Unable to locate element: {"method":"css selector","selector":"input[value='Login']"}
  (Session info: chrome=120.0.6099.110)
For documentation on this error, please visit: https://selenium.dev/exceptions/#no_such_element
Build info: version: '4.8.1', revision: '8ebccac989'
System info: os.name: 'Windows 10', os.arch: 'amd64', os.version: '10.0', java.version: '17.0.5'
Driver info: org.openqa.selenium.chrome.ChromeDriver
Command: [fde3c513fe27362af0493ca82ba8c3e7, findElement {using=css selector, value=input[value='Login']}]
Capabilities {acceptInsecureCerts: false, browserName: chrome, browserVersion: 120.0.6099.110, chrome: {chromedriverVersion: 120.0.6099.109 (3419140ab66..., userDataDir: C:\Users\benaz\AppData\Loca...}, fedcm:accounts: true, goog:chromeOptions: {debuggerAddress: localhost:55174}, networkConnectionEnabled: false, pageLoadStrategy: normal, platformName: WINDOWS, proxy: Proxy(), se:cdp: ws://localhost:55174/devtoo..., se:cdpVersion: 120.0.6099.110, setWindowRect: true, strictFileInteractability: false, timeouts: {implicit: 0, pageLoad: 300000, script: 30000}, unhandledPromptBehavior: dismiss and notify, webauthn:extension:credBlob: true, webauthn:extension:largeBlob: true, webauthn:extension:minPinLength: true, webauthn:extension:prf: true, webauthn:virtualAuthenticators: true}
Session ID: fde3c513fe27362af0493ca82ba8c3e7
	at java.base/jdk.internal.reflect.NativeConstructorAccessorImpl.newInstance0(Native Method)
	at java.base/jdk.internal.reflect.NativeConstructorAccessorImpl.newInstance(NativeConstructorAccessorImpl.java:77)
	at java.base/jdk.internal.reflect.DelegatingConstructorAccessorImpl.newInstance(DelegatingConstructorAccessorImpl.java:45)
	at java.base/java.lang.reflect.Constructor.newInstanceWithCaller(Constructor.java:499)
	at java.base/java.lang.reflect.Constructor.newInstance(Constructor.java:480)
	at org.openqa.selenium.remote.codec.w3c.W3CHttpResponseCodec.createException(W3CHttpResponseCodec.java:200)
	at org.openqa.selenium.remote.codec.w3c.W3CHttpResponseCodec.decode(W3CHttpResponseCodec.java:133)
	at org.openqa.selenium.remote.codec.w3c.W3CHttpResponseCodec.decode(W3CHttpResponseCodec.java:53)
	at org.openqa.selenium.remote.HttpCommandExecutor.execute(HttpCommandExecutor.java:184)
	at org.openqa.selenium.remote.service.DriverCommandExecutor.invokeExecute(DriverCommandExecutor.java:167)
	at org.openqa.selenium.remote.service.DriverCommandExecutor.execute(DriverCommandExecutor.java:142)
	at org.openqa.selenium.remote.RemoteWebDriver.execute(RemoteWebDriver.java:543)
	at org.openqa.selenium.remote.ElementLocation$ElementFinder$2.findElement(ElementLocation.java:162)
	at org.openqa.selenium.remote.ElementLocation.findElement(ElementLocation.java:60)
	at org.openqa.selenium.remote.RemoteWebDriver.findElement(RemoteWebDriver.java:352)
	at org.openqa.selenium.remote.RemoteWebDriver.findElement(RemoteWebDriver.java:344)
	at testCases.click_sendKeys_Methods.Click_SendKey_MethodsWithLoginTest.loginTestUsingClick(Click_SendKey_MethodsWithLoginTest.java:65)
	at java.base/jdk.internal.reflect.NativeMethodAccessorImpl.invoke0(Native Method)
	at java.base/jdk.internal.reflect.NativeMethodAccessorImpl.invoke(NativeMethodAccessorImpl.java:77)
	at java.base/jdk.internal.reflect.DelegatingMethodAccessorImpl.invoke(DelegatingMethodAccessorImpl.java:43)
	at java.base/java.lang.reflect.Method.invoke(Method.java:568)
	at org.testng.internal.invokers.MethodInvocationHelper.invokeMethod(MethodInvocationHelper.java:139)
	at org.testng.internal.invokers.TestInvoker.invokeMethod(TestInvoker.java:664)
	at org.testng.internal.invokers.TestInvoker.invokeTestMethod(TestInvoker.java:227)
	at org.testng.internal.invokers.MethodRunner.runInSequence(MethodRunner.java:50)
	at org.testng.internal.invokers.TestInvoker$MethodInvocationAgent.invoke(TestInvoker.java:957)
	at org.testng.internal.invokers.TestInvoker.invokeTestMethods(TestInvoker.java:200)
	at org.testng.internal.invokers.TestMethodWorker.invokeTestMethods(TestMethodWorker.java:148)
	at org.testng.internal.invokers.TestMethodWorker.run(TestMethodWorker.java:128)
	at java.base/java.util.ArrayList.forEach(ArrayList.java:1511)
	at org.testng.TestRunner.privateRun(TestRunner.java:848)
	at org.testng.TestRunner.run(TestRunner.java:621)
	at org.testng.SuiteRunner.runTest(SuiteRunner.java:443)
	at org.testng.SuiteRunner.runSequentially(SuiteRunner.java:437)
	at org.testng.SuiteRunner.privateRun(SuiteRunner.java:397)
	at org.testng.SuiteRunner.run(SuiteRunner.java:336)
	at org.testng.SuiteRunnerWorker.runSuite(SuiteRunnerWorker.java:52)
	at org.testng.SuiteRunnerWorker.run(SuiteRunnerWorker.java:95)
	at org.testng.TestNG.runSuitesSequentially(TestNG.java:1280)
	at org.testng.TestNG.runSuitesLocally(TestNG.java:1200)
	at org.testng.TestNG.runSuites(TestNG.java:1114)
	at org.testng.TestNG.run(TestNG.java:1082)
	at org.apache.maven.surefire.testng.TestNGExecutor.run(TestNGExecutor.java:135)
	at org.apache.maven.surefire.testng.TestNGDirectoryTestSuite.executeMulti(TestNGDirectoryTestSuite.java:193)
	at org.apache.maven.surefire.testng.TestNGDirectoryTestSuite.execute(TestNGDirectoryTestSuite.java:94)
	at org.apache.maven.surefire.testng.TestNGProvider.invoke(TestNGProvider.java:146)
	at org.apache.maven.surefire.booter.ForkedBooter.invokeProviderInSameClassLoader(ForkedBooter.java:384)
	at org.apache.maven.surefire.booter.ForkedBooter.runSuitesInProcess(ForkedBooter.java:345)
	at org.apache.maven.surefire.booter.ForkedBooter.execute(ForkedBooter.java:126)
	at org.apache.maven.surefire.booter.ForkedBooter.main(ForkedBooter.java:418)
</textarea>

                                                    </td>
                                                </tr>
                                                </tbody>
                                            </table>
                                        </div>
                                    </div>
                                </li>
                                <li author="" class="test-item" device=""
                                    status="fail"
                                    tag=""
                                    test-id="3">
                                    <div class="test-detail">
                                        <p class="name">loginTestUsingJavascriptExecutor</p>
                                        <p class="text-sm">
                                            <span>05:20:59</span> / <span>00:00:05:876</span>
                                            <span class="badge fail-bg log float-right">Fail</span>
                                        </p>
                                    </div>
                                    <div class="test-contents d-none">
                                        <div class="detail-head">
                                            <div class="p-v-10">
                                                <div class="info">
                                                    <h5 class="test-status text-fail">
                                                        loginTestUsingJavascriptExecutor</h5>
                                                    <span class='badge badge-success'>12.21.2023 05:20:59</span>
                                                    <span class='badge badge-danger'>12.21.2023 05:21:05</span>
                                                    <span class='badge badge-default'>00:00:05:876</span>
                                                    &middot; <span
                                                        class='uri-anchor badge badge-default'>#test-id=3</span>
                                                    <span class='badge badge-default pointer float-right ml-1 et'><i
                                                            class="fa fa-chevron-down"></i></span>
                                                    <span class='badge badge-default pointer float-right ct'><i
                                                            class="fa fa-chevron-up"></i></span>
                                                </div>
                                            </div>
                                        </div>
                                        <div class="row mb-3">
                                            <div class="col-md-3">
                                                <img data-featherlight='C:\Users\benaz\IdeaProjects\opencartshop//extentReports//loginTestUsingJavascriptExecutor.png'
                                                     src="C:\Users\benaz\IdeaProjects\opencartshop//extentReports//loginTestUsingJavascriptExecutor.png">
                                                <div class="title">loginTestUsingJavascriptExecutor</div>
                                            </div>
                                        </div>
                                        <div class="detail-body mt-4">
                                            <table class="table table-sm">
                                                <thead>
                                                <tr>
                                                    <th class="status-col">Status</th>
                                                    <th class="timestamp-col">Timestamp</th>
                                                    <th class="details-col">Details</th>
                                                </tr>
                                                </thead>
                                                <tbody>
                                                <tr class="event-row">
                                                    <td><span class="badge log fail-bg">Fail</span></td>
                                                    <td>05:21:05</td>
                                                    <td>
          <textarea class="code-block" readonly>org.openqa.selenium.NoSuchElementException: no such element: Unable to locate element: {"method":"css selector","selector":"input[value='Login']"}
  (Session info: chrome=120.0.6099.110)
For documentation on this error, please visit: https://selenium.dev/exceptions/#no_such_element
Build info: version: '4.8.1', revision: '8ebccac989'
System info: os.name: 'Windows 10', os.arch: 'amd64', os.version: '10.0', java.version: '17.0.5'
Driver info: org.openqa.selenium.chrome.ChromeDriver
Command: [74ae18f035cde286549a3bc83bd8f92c, findElement {using=css selector, value=input[value='Login']}]
Capabilities {acceptInsecureCerts: false, browserName: chrome, browserVersion: 120.0.6099.110, chrome: {chromedriverVersion: 120.0.6099.109 (3419140ab66..., userDataDir: C:\Users\benaz\AppData\Loca...}, fedcm:accounts: true, goog:chromeOptions: {debuggerAddress: localhost:55205}, networkConnectionEnabled: false, pageLoadStrategy: normal, platformName: WINDOWS, proxy: Proxy(), se:cdp: ws://localhost:55205/devtoo..., se:cdpVersion: 120.0.6099.110, setWindowRect: true, strictFileInteractability: false, timeouts: {implicit: 0, pageLoad: 300000, script: 30000}, unhandledPromptBehavior: dismiss and notify, webauthn:extension:credBlob: true, webauthn:extension:largeBlob: true, webauthn:extension:minPinLength: true, webauthn:extension:prf: true, webauthn:virtualAuthenticators: true}
Session ID: 74ae18f035cde286549a3bc83bd8f92c
	at java.base/jdk.internal.reflect.NativeConstructorAccessorImpl.newInstance0(Native Method)
	at java.base/jdk.internal.reflect.NativeConstructorAccessorImpl.newInstance(NativeConstructorAccessorImpl.java:77)
	at java.base/jdk.internal.reflect.DelegatingConstructorAccessorImpl.newInstance(DelegatingConstructorAccessorImpl.java:45)
	at java.base/java.lang.reflect.Constructor.newInstanceWithCaller(Constructor.java:499)
	at java.base/java.lang.reflect.Constructor.newInstance(Constructor.java:480)
	at org.openqa.selenium.remote.codec.w3c.W3CHttpResponseCodec.createException(W3CHttpResponseCodec.java:200)
	at org.openqa.selenium.remote.codec.w3c.W3CHttpResponseCodec.decode(W3CHttpResponseCodec.java:133)
	at org.openqa.selenium.remote.codec.w3c.W3CHttpResponseCodec.decode(W3CHttpResponseCodec.java:53)
	at org.openqa.selenium.remote.HttpCommandExecutor.execute(HttpCommandExecutor.java:184)
	at org.openqa.selenium.remote.service.DriverCommandExecutor.invokeExecute(DriverCommandExecutor.java:167)
	at org.openqa.selenium.remote.service.DriverCommandExecutor.execute(DriverCommandExecutor.java:142)
	at org.openqa.selenium.remote.RemoteWebDriver.execute(RemoteWebDriver.java:543)
	at org.openqa.selenium.remote.ElementLocation$ElementFinder$2.findElement(ElementLocation.java:162)
	at org.openqa.selenium.remote.ElementLocation.findElement(ElementLocation.java:60)
	at org.openqa.selenium.remote.RemoteWebDriver.findElement(RemoteWebDriver.java:352)
	at org.openqa.selenium.remote.RemoteWebDriver.findElement(RemoteWebDriver.java:344)
	at testCases.click_sendKeys_Methods.Click_SendKey_MethodsWithLoginTest.loginTestUsingJavascriptExecutor(Click_SendKey_MethodsWithLoginTest.java:96)
	at java.base/jdk.internal.reflect.NativeMethodAccessorImpl.invoke0(Native Method)
	at java.base/jdk.internal.reflect.NativeMethodAccessorImpl.invoke(NativeMethodAccessorImpl.java:77)
	at java.base/jdk.internal.reflect.DelegatingMethodAccessorImpl.invoke(DelegatingMethodAccessorImpl.java:43)
	at java.base/java.lang.reflect.Method.invoke(Method.java:568)
	at org.testng.internal.invokers.MethodInvocationHelper.invokeMethod(MethodInvocationHelper.java:139)
	at org.testng.internal.invokers.TestInvoker.invokeMethod(TestInvoker.java:664)
	at org.testng.internal.invokers.TestInvoker.invokeTestMethod(TestInvoker.java:227)
	at org.testng.internal.invokers.MethodRunner.runInSequence(MethodRunner.java:50)
	at org.testng.internal.invokers.TestInvoker$MethodInvocationAgent.invoke(TestInvoker.java:957)
	at org.testng.internal.invokers.TestInvoker.invokeTestMethods(TestInvoker.java:200)
	at org.testng.internal.invokers.TestMethodWorker.invokeTestMethods(TestMethodWorker.java:148)
	at org.testng.internal.invokers.TestMethodWorker.run(TestMethodWorker.java:128)
	at java.base/java.util.ArrayList.forEach(ArrayList.java:1511)
	at org.testng.TestRunner.privateRun(TestRunner.java:848)
	at org.testng.TestRunner.run(TestRunner.java:621)
	at org.testng.SuiteRunner.runTest(SuiteRunner.java:443)
	at org.testng.SuiteRunner.runSequentially(SuiteRunner.java:437)
	at org.testng.SuiteRunner.privateRun(SuiteRunner.java:397)
	at org.testng.SuiteRunner.run(SuiteRunner.java:336)
	at org.testng.SuiteRunnerWorker.runSuite(SuiteRunnerWorker.java:52)
	at org.testng.SuiteRunnerWorker.run(SuiteRunnerWorker.java:95)
	at org.testng.TestNG.runSuitesSequentially(TestNG.java:1280)
	at org.testng.TestNG.runSuitesLocally(TestNG.java:1200)
	at org.testng.TestNG.runSuites(TestNG.java:1114)
	at org.testng.TestNG.run(TestNG.java:1082)
	at org.apache.maven.surefire.testng.TestNGExecutor.run(TestNGExecutor.java:135)
	at org.apache.maven.surefire.testng.TestNGDirectoryTestSuite.executeMulti(TestNGDirectoryTestSuite.java:193)
	at org.apache.maven.surefire.testng.TestNGDirectoryTestSuite.execute(TestNGDirectoryTestSuite.java:94)
	at org.apache.maven.surefire.testng.TestNGProvider.invoke(TestNGProvider.java:146)
	at org.apache.maven.surefire.booter.ForkedBooter.invokeProviderInSameClassLoader(ForkedBooter.java:384)
	at org.apache.maven.surefire.booter.ForkedBooter.runSuitesInProcess(ForkedBooter.java:345)
	at org.apache.maven.surefire.booter.ForkedBooter.execute(ForkedBooter.java:126)
	at org.apache.maven.surefire.booter.ForkedBooter.main(ForkedBooter.java:418)
</textarea>

                                                    </td>
                                                </tr>
                                                </tbody>
                                            </table>
                                        </div>
                                    </div>
                                </li>
                                <li author="" class="test-item" device=""
                                    status="fail"
                                    tag=""
                                    test-id="4">
                                    <div class="test-detail">
                                        <p class="name">loginTestUsingMoseAction</p>
                                        <p class="text-sm">
                                            <span>05:21:14</span> / <span>00:00:05:690</span>
                                            <span class="badge fail-bg log float-right">Fail</span>
                                        </p>
                                    </div>
                                    <div class="test-contents d-none">
                                        <div class="detail-head">
                                            <div class="p-v-10">
                                                <div class="info">
                                                    <h5 class="test-status text-fail">loginTestUsingMoseAction</h5>
                                                    <span class='badge badge-success'>12.21.2023 05:21:14</span>
                                                    <span class='badge badge-danger'>12.21.2023 05:21:20</span>
                                                    <span class='badge badge-default'>00:00:05:690</span>
                                                    &middot; <span
                                                        class='uri-anchor badge badge-default'>#test-id=4</span>
                                                    <span class='badge badge-default pointer float-right ml-1 et'><i
                                                            class="fa fa-chevron-down"></i></span>
                                                    <span class='badge badge-default pointer float-right ct'><i
                                                            class="fa fa-chevron-up"></i></span>
                                                </div>
                                            </div>
                                        </div>
                                        <div class="row mb-3">
                                            <div class="col-md-3">
                                                <img data-featherlight='C:\Users\benaz\IdeaProjects\opencartshop//extentReports//loginTestUsingMoseAction.png'
                                                     src="C:\Users\benaz\IdeaProjects\opencartshop//extentReports//loginTestUsingMoseAction.png">
                                                <div class="title">loginTestUsingMoseAction</div>
                                            </div>
                                        </div>
                                        <div class="detail-body mt-4">
                                            <table class="table table-sm">
                                                <thead>
                                                <tr>
                                                    <th class="status-col">Status</th>
                                                    <th class="timestamp-col">Timestamp</th>
                                                    <th class="details-col">Details</th>
                                                </tr>
                                                </thead>
                                                <tbody>
                                                <tr class="event-row">
                                                    <td><span class="badge log fail-bg">Fail</span></td>
                                                    <td>05:21:20</td>
                                                    <td>
          <textarea class="code-block" readonly>org.openqa.selenium.NoSuchElementException: no such element: Unable to locate element: {"method":"css selector","selector":"input[value='Login']"}
  (Session info: chrome=120.0.6099.110)
For documentation on this error, please visit: https://selenium.dev/exceptions/#no_such_element
Build info: version: '4.8.1', revision: '8ebccac989'
System info: os.name: 'Windows 10', os.arch: 'amd64', os.version: '10.0', java.version: '17.0.5'
Driver info: org.openqa.selenium.chrome.ChromeDriver
Command: [3a6dbcd5bbc8b94b96e2f5d84e9c5edf, findElement {using=css selector, value=input[value='Login']}]
Capabilities {acceptInsecureCerts: false, browserName: chrome, browserVersion: 120.0.6099.110, chrome: {chromedriverVersion: 120.0.6099.109 (3419140ab66..., userDataDir: C:\Users\benaz\AppData\Loca...}, fedcm:accounts: true, goog:chromeOptions: {debuggerAddress: localhost:55238}, networkConnectionEnabled: false, pageLoadStrategy: normal, platformName: WINDOWS, proxy: Proxy(), se:cdp: ws://localhost:55238/devtoo..., se:cdpVersion: 120.0.6099.110, setWindowRect: true, strictFileInteractability: false, timeouts: {implicit: 0, pageLoad: 300000, script: 30000}, unhandledPromptBehavior: dismiss and notify, webauthn:extension:credBlob: true, webauthn:extension:largeBlob: true, webauthn:extension:minPinLength: true, webauthn:extension:prf: true, webauthn:virtualAuthenticators: true}
Session ID: 3a6dbcd5bbc8b94b96e2f5d84e9c5edf
	at java.base/jdk.internal.reflect.NativeConstructorAccessorImpl.newInstance0(Native Method)
	at java.base/jdk.internal.reflect.NativeConstructorAccessorImpl.newInstance(NativeConstructorAccessorImpl.java:77)
	at java.base/jdk.internal.reflect.DelegatingConstructorAccessorImpl.newInstance(DelegatingConstructorAccessorImpl.java:45)
	at java.base/java.lang.reflect.Constructor.newInstanceWithCaller(Constructor.java:499)
	at java.base/java.lang.reflect.Constructor.newInstance(Constructor.java:480)
	at org.openqa.selenium.remote.codec.w3c.W3CHttpResponseCodec.createException(W3CHttpResponseCodec.java:200)
	at org.openqa.selenium.remote.codec.w3c.W3CHttpResponseCodec.decode(W3CHttpResponseCodec.java:133)
	at org.openqa.selenium.remote.codec.w3c.W3CHttpResponseCodec.decode(W3CHttpResponseCodec.java:53)
	at org.openqa.selenium.remote.HttpCommandExecutor.execute(HttpCommandExecutor.java:184)
	at org.openqa.selenium.remote.service.DriverCommandExecutor.invokeExecute(DriverCommandExecutor.java:167)
	at org.openqa.selenium.remote.service.DriverCommandExecutor.execute(DriverCommandExecutor.java:142)
	at org.openqa.selenium.remote.RemoteWebDriver.execute(RemoteWebDriver.java:543)
	at org.openqa.selenium.remote.ElementLocation$ElementFinder$2.findElement(ElementLocation.java:162)
	at org.openqa.selenium.remote.ElementLocation.findElement(ElementLocation.java:60)
	at org.openqa.selenium.remote.RemoteWebDriver.findElement(RemoteWebDriver.java:352)
	at org.openqa.selenium.remote.RemoteWebDriver.findElement(RemoteWebDriver.java:344)
	at testCases.click_sendKeys_Methods.Click_SendKey_MethodsWithLoginTest.loginTestUsingMoseAction(Click_SendKey_MethodsWithLoginTest.java:110)
	at java.base/jdk.internal.reflect.NativeMethodAccessorImpl.invoke0(Native Method)
	at java.base/jdk.internal.reflect.NativeMethodAccessorImpl.invoke(NativeMethodAccessorImpl.java:77)
	at java.base/jdk.internal.reflect.DelegatingMethodAccessorImpl.invoke(DelegatingMethodAccessorImpl.java:43)
	at java.base/java.lang.reflect.Method.invoke(Method.java:568)
	at org.testng.internal.invokers.MethodInvocationHelper.invokeMethod(MethodInvocationHelper.java:139)
	at org.testng.internal.invokers.TestInvoker.invokeMethod(TestInvoker.java:664)
	at org.testng.internal.invokers.TestInvoker.invokeTestMethod(TestInvoker.java:227)
	at org.testng.internal.invokers.MethodRunner.runInSequence(MethodRunner.java:50)
	at org.testng.internal.invokers.TestInvoker$MethodInvocationAgent.invoke(TestInvoker.java:957)
	at org.testng.internal.invokers.TestInvoker.invokeTestMethods(TestInvoker.java:200)
	at org.testng.internal.invokers.TestMethodWorker.invokeTestMethods(TestMethodWorker.java:148)
	at org.testng.internal.invokers.TestMethodWorker.run(TestMethodWorker.java:128)
	at java.base/java.util.ArrayList.forEach(ArrayList.java:1511)
	at org.testng.TestRunner.privateRun(TestRunner.java:848)
	at org.testng.TestRunner.run(TestRunner.java:621)
	at org.testng.SuiteRunner.runTest(SuiteRunner.java:443)
	at org.testng.SuiteRunner.runSequentially(SuiteRunner.java:437)
	at org.testng.SuiteRunner.privateRun(SuiteRunner.java:397)
	at org.testng.SuiteRunner.run(SuiteRunner.java:336)
	at org.testng.SuiteRunnerWorker.runSuite(SuiteRunnerWorker.java:52)
	at org.testng.SuiteRunnerWorker.run(SuiteRunnerWorker.java:95)
	at org.testng.TestNG.runSuitesSequentially(TestNG.java:1280)
	at org.testng.TestNG.runSuitesLocally(TestNG.java:1200)
	at org.testng.TestNG.runSuites(TestNG.java:1114)
	at org.testng.TestNG.run(TestNG.java:1082)
	at org.apache.maven.surefire.testng.TestNGExecutor.run(TestNGExecutor.java:135)
	at org.apache.maven.surefire.testng.TestNGDirectoryTestSuite.executeMulti(TestNGDirectoryTestSuite.java:193)
	at org.apache.maven.surefire.testng.TestNGDirectoryTestSuite.execute(TestNGDirectoryTestSuite.java:94)
	at org.apache.maven.surefire.testng.TestNGProvider.invoke(TestNGProvider.java:146)
	at org.apache.maven.surefire.booter.ForkedBooter.invokeProviderInSameClassLoader(ForkedBooter.java:384)
	at org.apache.maven.surefire.booter.ForkedBooter.runSuitesInProcess(ForkedBooter.java:345)
	at org.apache.maven.surefire.booter.ForkedBooter.execute(ForkedBooter.java:126)
	at org.apache.maven.surefire.booter.ForkedBooter.main(ForkedBooter.java:418)
</textarea>

                                                    </td>
                                                </tr>
                                                </tbody>
                                            </table>
                                        </div>
                                    </div>
                                </li>
                                <li author="" class="test-item" device=""
                                    status="fail"
                                    tag=""
                                    test-id="5">
                                    <div class="test-detail">
                                        <p class="name">loginTestUsingWebDriverWait</p>
                                        <p class="text-sm">
                                            <span>05:21:31</span> / <span>00:00:09:036</span>
                                            <span class="badge fail-bg log float-right">Fail</span>
                                        </p>
                                    </div>
                                    <div class="test-contents d-none">
                                        <div class="detail-head">
                                            <div class="p-v-10">
                                                <div class="info">
                                                    <h5 class="test-status text-fail">loginTestUsingWebDriverWait</h5>
                                                    <span class='badge badge-success'>12.21.2023 05:21:31</span>
                                                    <span class='badge badge-danger'>12.21.2023 05:21:40</span>
                                                    <span class='badge badge-default'>00:00:09:036</span>
                                                    &middot; <span
                                                        class='uri-anchor badge badge-default'>#test-id=5</span>
                                                    <span class='badge badge-default pointer float-right ml-1 et'><i
                                                            class="fa fa-chevron-down"></i></span>
                                                    <span class='badge badge-default pointer float-right ct'><i
                                                            class="fa fa-chevron-up"></i></span>
                                                </div>
                                            </div>
                                        </div>
                                        <div class="row mb-3">
                                            <div class="col-md-3">
                                                <img data-featherlight='C:\Users\benaz\IdeaProjects\opencartshop//extentReports//loginTestUsingWebDriverWait.png'
                                                     src="C:\Users\benaz\IdeaProjects\opencartshop//extentReports//loginTestUsingWebDriverWait.png">
                                                <div class="title">loginTestUsingWebDriverWait</div>
                                            </div>
                                        </div>
                                        <div class="detail-body mt-4">
                                            <table class="table table-sm">
                                                <thead>
                                                <tr>
                                                    <th class="status-col">Status</th>
                                                    <th class="timestamp-col">Timestamp</th>
                                                    <th class="details-col">Details</th>
                                                </tr>
                                                </thead>
                                                <tbody>
                                                <tr class="event-row">
                                                    <td><span class="badge log fail-bg">Fail</span></td>
                                                    <td>05:21:38</td>
                                                    <td>
          <textarea class="code-block" readonly>org.openqa.selenium.NoSuchElementException: no such element: Unable to locate element: {"method":"css selector","selector":"input[value='Login']"}
  (Session info: chrome=120.0.6099.110)
For documentation on this error, please visit: https://selenium.dev/exceptions/#no_such_element
Build info: version: '4.8.1', revision: '8ebccac989'
System info: os.name: 'Windows 10', os.arch: 'amd64', os.version: '10.0', java.version: '17.0.5'
Driver info: org.openqa.selenium.chrome.ChromeDriver
Command: [52aa1baf80f1bf853a98cc0ba4e80f7d, findElement {using=css selector, value=input[value='Login']}]
Capabilities {acceptInsecureCerts: false, browserName: chrome, browserVersion: 120.0.6099.110, chrome: {chromedriverVersion: 120.0.6099.109 (3419140ab66..., userDataDir: C:\Users\benaz\AppData\Loca...}, fedcm:accounts: true, goog:chromeOptions: {debuggerAddress: localhost:55286}, networkConnectionEnabled: false, pageLoadStrategy: normal, platformName: WINDOWS, proxy: Proxy(), se:cdp: ws://localhost:55286/devtoo..., se:cdpVersion: 120.0.6099.110, setWindowRect: true, strictFileInteractability: false, timeouts: {implicit: 0, pageLoad: 300000, script: 30000}, unhandledPromptBehavior: dismiss and notify, webauthn:extension:credBlob: true, webauthn:extension:largeBlob: true, webauthn:extension:minPinLength: true, webauthn:extension:prf: true, webauthn:virtualAuthenticators: true}
Session ID: 52aa1baf80f1bf853a98cc0ba4e80f7d
	at java.base/jdk.internal.reflect.NativeConstructorAccessorImpl.newInstance0(Native Method)
	at java.base/jdk.internal.reflect.NativeConstructorAccessorImpl.newInstance(NativeConstructorAccessorImpl.java:77)
	at java.base/jdk.internal.reflect.DelegatingConstructorAccessorImpl.newInstance(DelegatingConstructorAccessorImpl.java:45)
	at java.base/java.lang.reflect.Constructor.newInstanceWithCaller(Constructor.java:499)
	at java.base/java.lang.reflect.Constructor.newInstance(Constructor.java:480)
	at org.openqa.selenium.remote.codec.w3c.W3CHttpResponseCodec.createException(W3CHttpResponseCodec.java:200)
	at org.openqa.selenium.remote.codec.w3c.W3CHttpResponseCodec.decode(W3CHttpResponseCodec.java:133)
	at org.openqa.selenium.remote.codec.w3c.W3CHttpResponseCodec.decode(W3CHttpResponseCodec.java:53)
	at org.openqa.selenium.remote.HttpCommandExecutor.execute(HttpCommandExecutor.java:184)
	at org.openqa.selenium.remote.service.DriverCommandExecutor.invokeExecute(DriverCommandExecutor.java:167)
	at org.openqa.selenium.remote.service.DriverCommandExecutor.execute(DriverCommandExecutor.java:142)
	at org.openqa.selenium.remote.RemoteWebDriver.execute(RemoteWebDriver.java:543)
	at org.openqa.selenium.remote.ElementLocation$ElementFinder$2.findElement(ElementLocation.java:162)
	at org.openqa.selenium.remote.ElementLocation.findElement(ElementLocation.java:60)
	at org.openqa.selenium.remote.RemoteWebDriver.findElement(RemoteWebDriver.java:352)
	at org.openqa.selenium.remote.RemoteWebDriver.findElement(RemoteWebDriver.java:344)
	at testCases.click_sendKeys_Methods.Click_SendKey_MethodsWithLoginTest.loginTestUsingWebDriverWait(Click_SendKey_MethodsWithLoginTest.java:125)
	at java.base/jdk.internal.reflect.NativeMethodAccessorImpl.invoke0(Native Method)
	at java.base/jdk.internal.reflect.NativeMethodAccessorImpl.invoke(NativeMethodAccessorImpl.java:77)
	at java.base/jdk.internal.reflect.DelegatingMethodAccessorImpl.invoke(DelegatingMethodAccessorImpl.java:43)
	at java.base/java.lang.reflect.Method.invoke(Method.java:568)
	at org.testng.internal.invokers.MethodInvocationHelper.invokeMethod(MethodInvocationHelper.java:139)
	at org.testng.internal.invokers.TestInvoker.invokeMethod(TestInvoker.java:664)
	at org.testng.internal.invokers.TestInvoker.invokeTestMethod(TestInvoker.java:227)
	at org.testng.internal.invokers.MethodRunner.runInSequence(MethodRunner.java:50)
	at org.testng.internal.invokers.TestInvoker$MethodInvocationAgent.invoke(TestInvoker.java:957)
	at org.testng.internal.invokers.TestInvoker.invokeTestMethods(TestInvoker.java:200)
	at org.testng.internal.invokers.TestMethodWorker.invokeTestMethods(TestMethodWorker.java:148)
	at org.testng.internal.invokers.TestMethodWorker.run(TestMethodWorker.java:128)
	at java.base/java.util.ArrayList.forEach(ArrayList.java:1511)
	at org.testng.TestRunner.privateRun(TestRunner.java:848)
	at org.testng.TestRunner.run(TestRunner.java:621)
	at org.testng.SuiteRunner.runTest(SuiteRunner.java:443)
	at org.testng.SuiteRunner.runSequentially(SuiteRunner.java:437)
	at org.testng.SuiteRunner.privateRun(SuiteRunner.java:397)
	at org.testng.SuiteRunner.run(SuiteRunner.java:336)
	at org.testng.SuiteRunnerWorker.runSuite(SuiteRunnerWorker.java:52)
	at org.testng.SuiteRunnerWorker.run(SuiteRunnerWorker.java:95)
	at org.testng.TestNG.runSuitesSequentially(TestNG.java:1280)
	at org.testng.TestNG.runSuitesLocally(TestNG.java:1200)
	at org.testng.TestNG.runSuites(TestNG.java:1114)
	at org.testng.TestNG.run(TestNG.java:1082)
	at org.apache.maven.surefire.testng.TestNGExecutor.run(TestNGExecutor.java:135)
	at org.apache.maven.surefire.testng.TestNGDirectoryTestSuite.executeMulti(TestNGDirectoryTestSuite.java:193)
	at org.apache.maven.surefire.testng.TestNGDirectoryTestSuite.execute(TestNGDirectoryTestSuite.java:94)
	at org.apache.maven.surefire.testng.TestNGProvider.invoke(TestNGProvider.java:146)
	at org.apache.maven.surefire.booter.ForkedBooter.invokeProviderInSameClassLoader(ForkedBooter.java:384)
	at org.apache.maven.surefire.booter.ForkedBooter.runSuitesInProcess(ForkedBooter.java:345)
	at org.apache.maven.surefire.booter.ForkedBooter.execute(ForkedBooter.java:126)
	at org.apache.maven.surefire.booter.ForkedBooter.main(ForkedBooter.java:418)
</textarea>

                                                    </td>
                                                </tr>
                                                <tr class="event-row">
                                                    <td><span class="badge log fail-bg">Fail</span></td>
                                                    <td>05:21:40</td>
                                                    <td>
          <textarea class="code-block" readonly>org.testng.TestNGException:
Method public void testCases.Login.LoginDataDrivenTest.test_LoginDDT(java.lang.String,java.lang.String,java.lang.String) requires a @DataProvider named : LoginData in class org.testng.annotations.DataProvider
	at org.testng.internal.Parameters.findDataProvider(Parameters.java:526)
	at org.testng.internal.Parameters.handleParameters(Parameters.java:763)
	at org.testng.internal.Parameters.handleParameters(Parameters.java:728)
	at org.testng.internal.invokers.ParameterHandler.handleParameters(ParameterHandler.java:72)
	at org.testng.internal.invokers.ParameterHandler.createParameters(ParameterHandler.java:51)
	at org.testng.internal.invokers.TestInvoker$MethodInvocationAgent.invoke(TestInvoker.java:911)
	at org.testng.internal.invokers.TestInvoker.invokeTestMethods(TestInvoker.java:200)
	at org.testng.internal.invokers.TestMethodWorker.invokeTestMethods(TestMethodWorker.java:148)
	at org.testng.internal.invokers.TestMethodWorker.run(TestMethodWorker.java:128)
	at java.base/java.util.ArrayList.forEach(ArrayList.java:1511)
	at org.testng.TestRunner.privateRun(TestRunner.java:848)
	at org.testng.TestRunner.run(TestRunner.java:621)
	at org.testng.SuiteRunner.runTest(SuiteRunner.java:443)
	at org.testng.SuiteRunner.runSequentially(SuiteRunner.java:437)
	at org.testng.SuiteRunner.privateRun(SuiteRunner.java:397)
	at org.testng.SuiteRunner.run(SuiteRunner.java:336)
	at org.testng.SuiteRunnerWorker.runSuite(SuiteRunnerWorker.java:52)
	at org.testng.SuiteRunnerWorker.run(SuiteRunnerWorker.java:95)
	at org.testng.TestNG.runSuitesSequentially(TestNG.java:1280)
	at org.testng.TestNG.runSuitesLocally(TestNG.java:1200)
	at org.testng.TestNG.runSuites(TestNG.java:1114)
	at org.testng.TestNG.run(TestNG.java:1082)
	at org.apache.maven.surefire.testng.TestNGExecutor.run(TestNGExecutor.java:135)
	at org.apache.maven.surefire.testng.TestNGDirectoryTestSuite.executeMulti(TestNGDirectoryTestSuite.java:193)
	at org.apache.maven.surefire.testng.TestNGDirectoryTestSuite.execute(TestNGDirectoryTestSuite.java:94)
	at org.apache.maven.surefire.testng.TestNGProvider.invoke(TestNGProvider.java:146)
	at org.apache.maven.surefire.booter.ForkedBooter.invokeProviderInSameClassLoader(ForkedBooter.java:384)
	at org.apache.maven.surefire.booter.ForkedBooter.runSuitesInProcess(ForkedBooter.java:345)
	at org.apache.maven.surefire.booter.ForkedBooter.execute(ForkedBooter.java:126)
	at org.apache.maven.surefire.booter.ForkedBooter.main(ForkedBooter.java:418)
</textarea>

                                                    </td>
                                                </tr>
                                                </tbody>
                                            </table>
                                        </div>
                                    </div>
                                </li>
                            </ul>
                        </div>
                    </div>
                    <div class="test-content scrollable">
                        <div class="test-content-tools">
                            <ul>
                                <li><a class="back-to-test" href="#"><i class="fa fa-arrow-left"></i></a></li>
                            </ul>
                        </div>
                        <div class="test-content-detail">
                            <div class="detail-body"></div>
                        </div>
                    </div>
                </div>
                <div class="test-wrapper row view exception-view attributes-view">
                    <div class="test-list">
                        <div class="test-list-tools">
                            <ul class="tools pull-left">
                                <li><a href=""><span class="font-size-14">Exception</span></a></li>
                            </ul>
                            <ul class="tools text-right">
                                <li><a href="#"><span class="badge badge-primary">2</span></a></li>
                            </ul>
                        </div>
                        <div class="test-list-wrapper scrollable">
                            <ul class="test-list-item">
                                <li class="test-item">
                                    <div class="test-detail">
<span class="meta">
<span class='badge log badge-danger'>1</span>
</span>
                                        <p class="name">org.testng.TestNGException</p>
                                        <p class="duration text-sm">1 tests</p>
                                    </div>
                                    <div class="test-contents d-none">
                                        <div class="info">
                                            <h4>org.testng.TestNGException</h4>
                                            <span class='badge log badge-danger' status="fail">1 failed</span>
                                        </div>
                                        <table class='table table-sm mt-4'>
                                            <thead>
                                            <tr>
                                                <th class="status-col">Status</th>
                                                <th class="timestamp-col">Timestamp</th>
                                                <th>TestName</th>
                                            </tr>
                                            </thead>
                                            <tbody>
                                            <tr class="tag-test-status" status="fail">
                                                <td><span class="badge log fail-bg">Fail</span></td>
                                                <td>05:21:31 am</td>
                                                <td>
                                                    <a class="linked" href="#" id='5' test-id='5'>loginTestUsingWebDriverWait</a>
                                                </td>
                                            </tr>
                                            </tbody>
                                        </table>
                                    </div>
                                </li>
                                <li class="test-item">
                                    <div class="test-detail">
<span class="meta">
<span class='badge log badge-danger'>5</span>
</span>
                                        <p class="name">org.openqa.selenium.NoSuchElementException</p>
                                        <p class="duration text-sm">5 tests</p>
                                    </div>
                                    <div class="test-contents d-none">
                                        <div class="info">
                                            <h4>org.openqa.selenium.NoSuchElementException</h4>
                                            <span class='badge log badge-danger' status="fail">5 failed</span>
                                        </div>
                                        <table class='table table-sm mt-4'>
                                            <thead>
                                            <tr>
                                                <th class="status-col">Status</th>
                                                <th class="timestamp-col">Timestamp</th>
                                                <th>TestName</th>
                                            </tr>
                                            </thead>
                                            <tbody>
                                            <tr class="tag-test-status" status="fail">
                                                <td><span class="badge log fail-bg">Fail</span></td>
                                                <td>05:20:35 am</td>
                                                <td>
                                                    <a class="linked" href="#" id='1' test-id='1'>loginTestUsingActionsClass</a>
                                                </td>
                                            </tr>
                                            <tr class="tag-test-status" status="fail">
                                                <td><span class="badge log fail-bg">Fail</span></td>
                                                <td>05:20:48 am</td>
                                                <td>
                                                    <a class="linked" href="#" id='2'
                                                       test-id='2'>loginTestUsingClick</a>
                                                </td>
                                            </tr>
                                            <tr class="tag-test-status" status="fail">
                                                <td><span class="badge log fail-bg">Fail</span></td>
                                                <td>05:20:59 am</td>
                                                <td>
                                                    <a class="linked" href="#" id='3' test-id='3'>loginTestUsingJavascriptExecutor</a>
                                                </td>
                                            </tr>
                                            <tr class="tag-test-status" status="fail">
                                                <td><span class="badge log fail-bg">Fail</span></td>
                                                <td>05:21:14 am</td>
                                                <td>
                                                    <a class="linked" href="#" id='4' test-id='4'>loginTestUsingMoseAction</a>
                                                </td>
                                            </tr>
                                            <tr class="tag-test-status" status="fail">
                                                <td><span class="badge log fail-bg">Fail</span></td>
                                                <td>05:21:31 am</td>
                                                <td>
                                                    <a class="linked" href="#" id='5' test-id='5'>loginTestUsingWebDriverWait</a>
                                                </td>
                                            </tr>
                                            </tbody>
                                        </table>
                                    </div>
                                </li>
                            </ul>
                        </div>
                    </div>
                    <div class="test-content scrollable">
                        <div class="test-content-detail">
                            <div class="detail-body"></div>
                        </div>
                    </div>
                </div>
                <div class="container-fluid p-4 view dashboard-view">
                    <div class="row">
                        <div class="col-md-3">
                            <div class="card">
                                <div class="card-body">
                                    <p class="m-b-0">Started</p>
                                    <h3>Dec 21, 2023 05:20:18</h3>
                                </div>
                            </div>
                        </div>
                        <div class="col-md-3">
                            <div class="card">
                                <div class="card-body">
                                    <p class="m-b-0">Ended</p>
                                    <h3>Dec 21, 2023 05:21:40</h3>
                                </div>
                            </div>
                        </div>
                        <div class="col-md-3">
                            <div class="card">
                                <div class="card-body">
                                    <p class="m-b-0 text-pass">Tests Passed</p>
                                    <h3>0</h3>
                                </div>
                            </div>
                        </div>
                        <div class="col-md-3">
                            <div class="card">
                                <div class="card-body">
                                    <p class="m-b-0 text-fail">Tests Failed</p>
                                    <h3>5</h3>
                                </div>
                            </div>
                        </div>
                    </div>
                    <div class="row">
                        <div class="col-md-6">
                            <div class="card">
                                <div class="card-header">
                                    <h6 class="card-title">Tests</h6>
                                </div>
                                <div class="card-body">
                                    <div class="">
                                        <canvas height='90' id='parent-analysis' width='115'></canvas>
                                    </div>
                                </div>
                                <div class="card-footer">
                                    <div><small data-tooltip='0%'>
                                        <b>0</b> tests passed
                                    </small>
                                    </div>
                                    <div>
                                        <small data-tooltip='100%'><b>5</b> tests failed,
                                            <b>0</b> skipped, <b data-tooltip='0%'>0</b> others
                                        </small>
                                    </div>
                                </div>
                            </div>
                        </div>
                        <div class="col-md-6">
                            <div class="card">
                                <div class="card-header">
                                    <h6 class="card-title">Log events</h6>
                                </div>
                                <div class="card-body">
                                    <div class="">
                                        <canvas height='90' id='events-analysis' width='115'></canvas>
                                    </div>
                                </div>
                                <div class="card-footer">
                                    <div><small data-tooltip='0%'><b>0</b> events passed</small></div>
                                    <div>
                                        <small data-tooltip='100%'><b>6</b> events failed,
                                            <b data-tooltip='%'>0</b> others
                                        </small>
                                    </div>
                                </div>
                            </div>
                        </div>
                    </div>
                    <div class="row">
                        <div class="col-md-12">
                            <div class="card">
                                <div class="card-header"><p>Timeline</p></div>
                                <div class="card-body pt-0">
                                    <div>
                                        <canvas height="120" id="timeline"></canvas>
                                    </div>
                                </div>
                            </div>
                        </div>
                    </div>
                    <script>
                        var timeline = {
                        "loginTestUsingActionsClass":6.999,"loginTestUsingClick":6.592,"loginTestUsingJavascriptExecutor":5.876,"loginTestUsingMoseAction":5.69,"loginTestUsingWebDriverWait":9.036
                        };
                    </script>
                    <div class="row">
                        <div class="col-lg-6 col-md-12 sysenv-container">
                            <div class="card">
                                <div class="card-header"><p>System/Environment</p></div>
                                <div class="card-body pb-0 pt-0">
                                    <table class="table table-sm table-bordered">
                                        <thead>
                                        <tr class="bg-gray">
                                            <th>Name</th>
                                            <th>Value</th>
                                        </tr>
                                        </thead>
                                        <tbody>
                                        <tr>
                                            <td>Automation Tester</td>
                                            <td>Ben Zeta</td>
                                        </tr>
                                        <tr>
                                            <td>Application URL</td>
                                            <td>http://localhost/opencartshop/</td>
                                        </tr>
                                        <tr>
                                            <td>Browser Name</td>
                                            <td>chrome</td>
                                        </tr>
                                        <tr>
                                            <td>Email</td>
                                            <td>admin@admin.com</td>
                                        </tr>
                                        <tr>
                                            <td>Password</td>
                                            <td>Password</td>
                                        </tr>
                                        <tr>
                                            <td>Operating System</td>
                                            <td>Windows 10</td>
                                        </tr>
                                        <tr>
                                            <td>Username</td>
                                            <td>benaz</td>
                                        </tr>
                                        <tr>
                                            <td>Java Version</td>
                                            <td>17.0.5</td>
                                        </tr>
                                        </tbody>
                                    </table>
                                </div>
                            </div>
                        </div>
                    </div>
                </div>
                <script>
                    var statusGroup = {
                    parentCount: 5,
                    passParent: 0,
                    failParent: 5,
                    warningParent: 0,
                    skipParent: 0,
                    childCount: 5,
                    passChild: 0,
                    failChild: 0,
                    warningChild: 0,
                    skipChild: 0,
                    infoChild: 0,
                    grandChildCount: 5,
                    passGrandChild: 0,
                    failGrandChild: 0,
                    warningGrandChild: 0,
                    skipGrandChild: 0,
                    infoGrandChild: 0,
                    eventsCount: 5,
                    passEvents: 0,
                    failEvents: 6,
                    warningEvents: 0,
                    skipEvents: 0,
                    infoEvents: 0
                    };
                </script>
            </div>
        </div>
    </div>
</div>
<script src="https://cdn.jsdelivr.net/gh/extent-framework/extent-github-cdn@d6562a79075e061305ccfdb82f01e5e195e2d307/spark/js/spark-script.js"></script>
<script type="text/javascript"></script>
</body>
</html>